DEPRECATION WARNING: Leaving `ActiveRecord::ConnectionAdapters::SQLite3Adapter.represent_boolean_as_integer`
set to false is deprecated. SQLite databases have used 't' and 'f' to serialize
boolean values and must have old data converted to 1 and 0 (its native boolean
serialization) before setting this flag to true. Conversion can be accomplished
by setting up a rake task which runs

  ExampleModel.where("boolean_column = 't'").update_all(boolean_column: 1)
  ExampleModel.where("boolean_column = 'f'").update_all(boolean_column: 0)

for all models and all boolean columns, after which the flag must be set to
true by adding the following to your application.rb file:

  Rails.application.config.active_record.sqlite3.represent_boolean_as_integer = true
 (called from instance_eval at /usr/local/lib/ruby/gems/2.6.0/gems/activesupport-5.2.3/lib/active_support/lazy_load_hooks.rb:71)
Started GET "/" for 127.0.0.1 at 2019-04-30 20:34:31 -0500
  [1m[35m (0.1ms)[0m  [1m[34mSELECT "schema_migrations"."version" FROM "schema_migrations" ORDER BY "schema_migrations"."version" ASC[0m
Processing by StaticPagesController#home as HTML
  Rendering static_pages/home.html.haml within layouts/application
  Rendered static_pages/home.html.haml within layouts/application (4.3ms)
  Rendered layouts/_shim.html.erb (0.2ms)
  Rendered layouts/_header.html.erb (1.4ms)
  Rendered layouts/_footer.html.erb (0.2ms)
Completed 200 OK in 4419ms (Views: 4414.6ms | ActiveRecord: 0.0ms)


Started GET "/login" for 127.0.0.1 at 2019-04-30 20:34:37 -0500
Processing by SessionsController#new as HTML
  Rendering sessions/new.html.haml within layouts/application
  Rendered sessions/new.html.haml within layouts/application (548.1ms)
  Rendered layouts/_shim.html.erb (0.2ms)
  Rendered layouts/_header.html.erb (1.0ms)
  Rendered layouts/_footer.html.erb (0.2ms)
Completed 200 OK in 592ms (Views: 590.4ms | ActiveRecord: 0.0ms)


Started POST "/login" for 127.0.0.1 at 2019-04-30 20:34:39 -0500
Processing by SessionsController#create as HTML
  Parameters: {"utf8"=>"✓", "authenticity_token"=>"v+exkx9ey/5ah6l3dmYcp9SAdt+zkLF0ARka4eXLSZDPUbvFBRlf5xYPiEJmb4mOWC/bXReGAi02ksDH+MZyMg==", "session"=>{"email"=>"admin@gmail.com", "password"=>"[FILTERED]"}, "commit"=>"Log in"}
  [1m[36mUser Load (0.2ms)[0m  [1m[34mSELECT  "users".* FROM "users" WHERE "users"."email" = ? LIMIT ?[0m  [["email", "admin@gmail.com"], ["LIMIT", 1]]
Redirected to http://localhost:3000/users/1
Completed 302 Found in 75ms (ActiveRecord: 0.9ms)


Started GET "/users/1" for 127.0.0.1 at 2019-04-30 20:34:40 -0500
Processing by UsersController#show as HTML
  Parameters: {"id"=>"1"}
  [1m[36mUser Load (0.1ms)[0m  [1m[34mSELECT  "users".* FROM "users" WHERE "users"."id" = ? LIMIT ?[0m  [["id", 1], ["LIMIT", 1]]
  [1m[36mUser Load (0.0ms)[0m  [1m[34mSELECT  "users".* FROM "users" WHERE "users"."id" = ? LIMIT ?[0m  [["id", 1], ["LIMIT", 1]]
  [1m[36mCACHE User Load (0.0ms)[0m  [1m[34mSELECT  "users".* FROM "users" WHERE "users"."id" = ? LIMIT ?[0m  [["id", 1], ["LIMIT", 1]]
  Rendering users/show.html.haml within layouts/application
  [1m[36mGame Load (0.2ms)[0m  [1m[34mSELECT "games".* FROM "games" WHERE "games"."id" IN (SELECT "game_users"."game_id" FROM "game_users" WHERE "game_users"."user_id" = ?) AND "games"."state" = ?[0m  [["user_id", 1], ["state", 2]]
  [1m[36mGameUser Load (0.2ms)[0m  [1m[34mSELECT "game_users".* FROM "game_users" WHERE "game_users"."user_id" = ? AND "game_users"."state" IN (?, ?)[0m  [["user_id", 1], ["state", 1], ["state", 2]]
  [1m[36mGameUser Load (0.1ms)[0m  [1m[34mSELECT "game_users".* FROM "game_users" WHERE "game_users"."user_id" = ? AND "game_users"."state" = ?[0m  [["user_id", 1], ["state", 2]]
  [1m[36mGameUser Load (0.0ms)[0m  [1m[34mSELECT "game_users".* FROM "game_users" WHERE "game_users"."user_id" = ? AND "game_users"."state" = ?[0m  [["user_id", 1], ["state", 1]]
  [1m[36mGameUser Load (0.1ms)[0m  [1m[34mSELECT "game_users".* FROM "game_users" WHERE "game_users"."user_id" = ?[0m  [["user_id", 1]]
  [1m[36mGame Load (0.2ms)[0m  [1m[34mSELECT  "games".* FROM "games" WHERE "games"."id" = ? LIMIT ?[0m  [["id", 1], ["LIMIT", 1]]
  [1m[35m (0.1ms)[0m  [1m[34mSELECT "game_users"."id" FROM "game_users" WHERE "game_users"."game_id" = ?[0m  [["game_id", 1]]
  [1m[36mGameUser Exists (0.1ms)[0m  [1m[34mSELECT  1 AS one FROM "game_users" WHERE "game_users"."game_id" = ? AND "game_users"."state" = ? LIMIT ?[0m  [["game_id", 1], ["state", 1], ["LIMIT", 1]]
  [1m[36mGameUser Load (0.1ms)[0m  [1m[34mSELECT  "game_users".* FROM "game_users" WHERE "game_users"."game_id" = ? AND "game_users"."state" = ? ORDER BY "game_users"."id" ASC LIMIT ?[0m  [["game_id", 1], ["state", 1], ["LIMIT", 1]]
  [1m[36mCACHE User Load (0.0ms)[0m  [1m[34mSELECT  "users".* FROM "users" WHERE "users"."id" = ? LIMIT ?[0m  [["id", 1], ["LIMIT", 1]]
  [1m[36mCACHE GameUser Exists (0.0ms)[0m  [1m[34mSELECT  1 AS one FROM "game_users" WHERE "game_users"."game_id" = ? AND "game_users"."state" = ? LIMIT ?[0m  [["game_id", 1], ["state", 1], ["LIMIT", 1]]
  [1m[36mCACHE GameUser Load (0.0ms)[0m  [1m[34mSELECT  "game_users".* FROM "game_users" WHERE "game_users"."game_id" = ? AND "game_users"."state" = ? ORDER BY "game_users"."id" ASC LIMIT ?[0m  [["game_id", 1], ["state", 1], ["LIMIT", 1]]
  [1m[36mCACHE User Load (0.0ms)[0m  [1m[34mSELECT  "users".* FROM "users" WHERE "users"."id" = ? LIMIT ?[0m  [["id", 1], ["LIMIT", 1]]
  [1m[36mCACHE GameUser Load (0.0ms)[0m  [1m[34mSELECT  "game_users".* FROM "game_users" WHERE "game_users"."game_id" = ? AND "game_users"."state" = ? ORDER BY "game_users"."id" ASC LIMIT ?[0m  [["game_id", 1], ["state", 1], ["LIMIT", 1]]
  [1m[36mGame Load (0.1ms)[0m  [1m[34mSELECT  "games".* FROM "games" WHERE "games"."id" = ? LIMIT ?[0m  [["id", 2], ["LIMIT", 1]]
  [1m[35m (0.1ms)[0m  [1m[34mSELECT "game_users"."id" FROM "game_users" WHERE "game_users"."game_id" = ?[0m  [["game_id", 2]]
  [1m[36mGameUser Exists (0.1ms)[0m  [1m[34mSELECT  1 AS one FROM "game_users" WHERE "game_users"."game_id" = ? AND "game_users"."state" = ? LIMIT ?[0m  [["game_id", 2], ["state", 1], ["LIMIT", 1]]
  [1m[36mGameUser Load (0.1ms)[0m  [1m[34mSELECT  "game_users".* FROM "game_users" WHERE "game_users"."game_id" = ? AND "game_users"."state" = ? ORDER BY "game_users"."id" ASC LIMIT ?[0m  [["game_id", 2], ["state", 1], ["LIMIT", 1]]
  [1m[36mUser Load (0.1ms)[0m  [1m[34mSELECT  "users".* FROM "users" WHERE "users"."id" = ? LIMIT ?[0m  [["id", 2], ["LIMIT", 1]]
  [1m[36mGameUser Exists (0.1ms)[0m  [1m[34mSELECT  1 AS one FROM "game_users" WHERE "game_users"."game_id" = ? AND "game_users"."state" = ? LIMIT ?[0m  [["game_id", 2], ["state", 2], ["LIMIT", 1]]
  [1m[36mGameUser Load (0.0ms)[0m  [1m[34mSELECT  "game_users".* FROM "game_users" WHERE "game_users"."game_id" = ? AND "game_users"."state" = ? ORDER BY "game_users"."id" ASC LIMIT ?[0m  [["game_id", 2], ["state", 2], ["LIMIT", 1]]
  [1m[36mCACHE User Load (0.0ms)[0m  [1m[34mSELECT  "users".* FROM "users" WHERE "users"."id" = ? LIMIT ?[0m  [["id", 1], ["LIMIT", 1]]
  [1m[36mCACHE GameUser Exists (0.0ms)[0m  [1m[34mSELECT  1 AS one FROM "game_users" WHERE "game_users"."game_id" = ? AND "game_users"."state" = ? LIMIT ?[0m  [["game_id", 2], ["state", 1], ["LIMIT", 1]]
  [1m[36mCACHE GameUser Load (0.0ms)[0m  [1m[34mSELECT  "game_users".* FROM "game_users" WHERE "game_users"."game_id" = ? AND "game_users"."state" = ? ORDER BY "game_users"."id" ASC LIMIT ?[0m  [["game_id", 2], ["state", 1], ["LIMIT", 1]]
  [1m[36mCACHE User Load (0.0ms)[0m  [1m[34mSELECT  "users".* FROM "users" WHERE "users"."id" = ? LIMIT ?[0m  [["id", 2], ["LIMIT", 1]]
  [1m[36mGame Load (0.1ms)[0m  [1m[34mSELECT  "games".* FROM "games" WHERE "games"."id" = ? LIMIT ?[0m  [["id", 3], ["LIMIT", 1]]
  [1m[35m (0.1ms)[0m  [1m[34mSELECT "game_users"."id" FROM "game_users" WHERE "game_users"."game_id" = ?[0m  [["game_id", 3]]
  [1m[36mGameUser Exists (0.2ms)[0m  [1m[34mSELECT  1 AS one FROM "game_users" WHERE "game_users"."game_id" = ? AND "game_users"."state" = ? LIMIT ?[0m  [["game_id", 3], ["state", 1], ["LIMIT", 1]]
  [1m[36mGameUser Exists (0.1ms)[0m  [1m[34mSELECT  1 AS one FROM "game_users" WHERE "game_users"."game_id" = ? AND "game_users"."state" = ? LIMIT ?[0m  [["game_id", 3], ["state", 2], ["LIMIT", 1]]
  [1m[36mCACHE GameUser Exists (0.0ms)[0m  [1m[34mSELECT  1 AS one FROM "game_users" WHERE "game_users"."game_id" = ? AND "game_users"."state" = ? LIMIT ?[0m  [["game_id", 3], ["state", 1], ["LIMIT", 1]]
  Rendered users/show.html.haml within layouts/application (79.5ms)
  Rendered layouts/_shim.html.erb (0.2ms)
  Rendered layouts/_header.html.erb (2.1ms)
  Rendered layouts/_footer.html.erb (0.2ms)
Completed 200 OK in 129ms (Views: 119.4ms | ActiveRecord: 3.8ms)


Started GET "/users/1/games/1/play" for 127.0.0.1 at 2019-04-30 20:34:42 -0500
Processing by GamesController#play_game as HTML
  Parameters: {"user_id"=>"1", "game_id"=>"1"}
  [1m[36mUser Load (0.1ms)[0m  [1m[34mSELECT  "users".* FROM "users" WHERE "users"."id" = ? LIMIT ?[0m  [["id", 1], ["LIMIT", 1]]
  [1m[36mGame Load (0.1ms)[0m  [1m[34mSELECT  "games".* FROM "games" WHERE "games"."id" = ? LIMIT ?[0m  [["id", 1], ["LIMIT", 1]]
  Rendering games/play.html.haml within layouts/application
  [1m[36mUser Load (0.1ms)[0m  [1m[34mSELECT  "users".* FROM "users" WHERE "users"."id" = ? LIMIT ?[0m  [["id", 1], ["LIMIT", 1]]
  [1m[36mCard Load (0.1ms)[0m  [1m[34mSELECT "cards".* FROM "cards" WHERE "cards"."user_id" = ? AND "cards"."game_id" = ?[0m  [["user_id", 1], ["game_id", 1]]
  [1m[36mCardChip Load (0.1ms)[0m  [1m[34mSELECT "card_chips".* FROM "card_chips" WHERE "card_chips"."card_id" = ?[0m  [["card_id", 1]]
  [1m[36mChip Load (0.2ms)[0m  [1m[34mSELECT  "chips".* FROM "chips" WHERE "chips"."id" = ? LIMIT ?[0m  [["id", 5], ["LIMIT", 1]]
  [1m[36mTranslation Load (0.1ms)[0m  [1m[34mSELECT  "translations".* FROM "translations" WHERE "translations"."id" = ? LIMIT ?[0m  [["id", 5], ["LIMIT", 1]]
  [1m[36mCACHE Chip Load (0.0ms)[0m  [1m[34mSELECT  "chips".* FROM "chips" WHERE "chips"."id" = ? LIMIT ?[0m  [["id", 5], ["LIMIT", 1]]
  [1m[36mChip Load (0.1ms)[0m  [1m[34mSELECT  "chips".* FROM "chips" WHERE "chips"."id" = ? LIMIT ?[0m  [["id", 2], ["LIMIT", 1]]
  [1m[36mTranslation Load (0.0ms)[0m  [1m[34mSELECT  "translations".* FROM "translations" WHERE "translations"."id" = ? LIMIT ?[0m  [["id", 2], ["LIMIT", 1]]
  [1m[36mCACHE Chip Load (0.0ms)[0m  [1m[34mSELECT  "chips".* FROM "chips" WHERE "chips"."id" = ? LIMIT ?[0m  [["id", 2], ["LIMIT", 1]]
  [1m[36mCACHE Chip Load (0.0ms)[0m  [1m[34mSELECT  "chips".* FROM "chips" WHERE "chips"."id" = ? LIMIT ?[0m  [["id", 5], ["LIMIT", 1]]
  [1m[36mCACHE Translation Load (0.0ms)[0m  [1m[34mSELECT  "translations".* FROM "translations" WHERE "translations"."id" = ? LIMIT ?[0m  [["id", 5], ["LIMIT", 1]]
  [1m[36mCACHE Chip Load (0.0ms)[0m  [1m[34mSELECT  "chips".* FROM "chips" WHERE "chips"."id" = ? LIMIT ?[0m  [["id", 5], ["LIMIT", 1]]
  [1m[36mChip Load (0.1ms)[0m  [1m[34mSELECT  "chips".* FROM "chips" WHERE "chips"."id" = ? LIMIT ?[0m  [["id", 1], ["LIMIT", 1]]
  [1m[36mTranslation Load (0.1ms)[0m  [1m[34mSELECT  "translations".* FROM "translations" WHERE "translations"."id" = ? LIMIT ?[0m  [["id", 1], ["LIMIT", 1]]
  [1m[36mCACHE Chip Load (0.0ms)[0m  [1m[34mSELECT  "chips".* FROM "chips" WHERE "chips"."id" = ? LIMIT ?[0m  [["id", 1], ["LIMIT", 1]]
  [1m[36mCACHE Chip Load (0.0ms)[0m  [1m[34mSELECT  "chips".* FROM "chips" WHERE "chips"."id" = ? LIMIT ?[0m  [["id", 1], ["LIMIT", 1]]
  [1m[36mCACHE Translation Load (0.0ms)[0m  [1m[34mSELECT  "translations".* FROM "translations" WHERE "translations"."id" = ? LIMIT ?[0m  [["id", 1], ["LIMIT", 1]]
  [1m[36mCACHE Chip Load (0.0ms)[0m  [1m[34mSELECT  "chips".* FROM "chips" WHERE "chips"."id" = ? LIMIT ?[0m  [["id", 1], ["LIMIT", 1]]
  [1m[36mChip Load (0.1ms)[0m  [1m[34mSELECT  "chips".* FROM "chips" WHERE "chips"."id" = ? LIMIT ?[0m  [["id", 3], ["LIMIT", 1]]
  [1m[36mTranslation Load (0.0ms)[0m  [1m[34mSELECT  "translations".* FROM "translations" WHERE "translations"."id" = ? LIMIT ?[0m  [["id", 3], ["LIMIT", 1]]
  [1m[36mCACHE Chip Load (0.0ms)[0m  [1m[34mSELECT  "chips".* FROM "chips" WHERE "chips"."id" = ? LIMIT ?[0m  [["id", 3], ["LIMIT", 1]]
  [1m[36mChip Load (0.1ms)[0m  [1m[34mSELECT  "chips".* FROM "chips" WHERE "chips"."id" = ? LIMIT ?[0m  [["id", 4], ["LIMIT", 1]]
  [1m[36mTranslation Load (0.0ms)[0m  [1m[34mSELECT  "translations".* FROM "translations" WHERE "translations"."id" = ? LIMIT ?[0m  [["id", 4], ["LIMIT", 1]]
  [1m[36mCACHE Chip Load (0.0ms)[0m  [1m[34mSELECT  "chips".* FROM "chips" WHERE "chips"."id" = ? LIMIT ?[0m  [["id", 4], ["LIMIT", 1]]
  [1m[36mCACHE Chip Load (0.0ms)[0m  [1m[34mSELECT  "chips".* FROM "chips" WHERE "chips"."id" = ? LIMIT ?[0m  [["id", 3], ["LIMIT", 1]]
  [1m[36mCACHE Translation Load (0.0ms)[0m  [1m[34mSELECT  "translations".* FROM "translations" WHERE "translations"."id" = ? LIMIT ?[0m  [["id", 3], ["LIMIT", 1]]
  [1m[36mCACHE Chip Load (0.0ms)[0m  [1m[34mSELECT  "chips".* FROM "chips" WHERE "chips"."id" = ? LIMIT ?[0m  [["id", 3], ["LIMIT", 1]]
  [1m[36mCACHE Chip Load (0.0ms)[0m  [1m[34mSELECT  "chips".* FROM "chips" WHERE "chips"."id" = ? LIMIT ?[0m  [["id", 1], ["LIMIT", 1]]
  [1m[36mCACHE Translation Load (0.0ms)[0m  [1m[34mSELECT  "translations".* FROM "translations" WHERE "translations"."id" = ? LIMIT ?[0m  [["id", 1], ["LIMIT", 1]]
  [1m[36mCACHE Chip Load (0.0ms)[0m  [1m[34mSELECT  "chips".* FROM "chips" WHERE "chips"."id" = ? LIMIT ?[0m  [["id", 1], ["LIMIT", 1]]
  Rendered cards/_card.html.haml (3.0ms)
  Rendered games/play.html.haml within layouts/application (88.6ms)
  Rendered layouts/_shim.html.erb (0.2ms)
  Rendered layouts/_header.html.erb (1.2ms)
  Rendered layouts/_footer.html.erb (0.2ms)
Completed 200 OK in 173ms (Views: 167.1ms | ActiveRecord: 3.0ms)


Started GET "/users/1/games/3/play" for 127.0.0.1 at 2019-04-30 20:34:47 -0500
Processing by GamesController#play_game as HTML
  Parameters: {"user_id"=>"1", "game_id"=>"3"}
  [1m[36mUser Load (0.1ms)[0m  [1m[34mSELECT  "users".* FROM "users" WHERE "users"."id" = ? LIMIT ?[0m  [["id", 1], ["LIMIT", 1]]
  [1m[36mGame Load (0.1ms)[0m  [1m[34mSELECT  "games".* FROM "games" WHERE "games"."id" = ? LIMIT ?[0m  [["id", 3], ["LIMIT", 1]]
  Rendering games/play.html.haml within layouts/application
  [1m[36mUser Load (0.1ms)[0m  [1m[34mSELECT  "users".* FROM "users" WHERE "users"."id" = ? LIMIT ?[0m  [["id", 1], ["LIMIT", 1]]
  [1m[36mCard Load (0.1ms)[0m  [1m[34mSELECT "cards".* FROM "cards" WHERE "cards"."user_id" = ? AND "cards"."game_id" = ?[0m  [["user_id", 1], ["game_id", 3]]
  [1m[36mCardChip Load (0.1ms)[0m  [1m[34mSELECT "card_chips".* FROM "card_chips" WHERE "card_chips"."card_id" = ?[0m  [["card_id", 7]]
  [1m[36mChip Load (0.0ms)[0m  [1m[34mSELECT  "chips".* FROM "chips" WHERE "chips"."id" = ? LIMIT ?[0m  [["id", 4], ["LIMIT", 1]]
  [1m[36mTranslation Load (0.0ms)[0m  [1m[34mSELECT  "translations".* FROM "translations" WHERE "translations"."id" = ? LIMIT ?[0m  [["id", 4], ["LIMIT", 1]]
  [1m[36mCACHE Chip Load (0.0ms)[0m  [1m[34mSELECT  "chips".* FROM "chips" WHERE "chips"."id" = ? LIMIT ?[0m  [["id", 4], ["LIMIT", 1]]
  [1m[36mChip Load (0.1ms)[0m  [1m[34mSELECT  "chips".* FROM "chips" WHERE "chips"."id" = ? LIMIT ?[0m  [["id", 1], ["LIMIT", 1]]
  [1m[36mTranslation Load (0.0ms)[0m  [1m[34mSELECT  "translations".* FROM "translations" WHERE "translations"."id" = ? LIMIT ?[0m  [["id", 1], ["LIMIT", 1]]
  [1m[36mCACHE Chip Load (0.0ms)[0m  [1m[34mSELECT  "chips".* FROM "chips" WHERE "chips"."id" = ? LIMIT ?[0m  [["id", 1], ["LIMIT", 1]]
  [1m[36mCACHE Chip Load (0.0ms)[0m  [1m[34mSELECT  "chips".* FROM "chips" WHERE "chips"."id" = ? LIMIT ?[0m  [["id", 1], ["LIMIT", 1]]
  [1m[36mCACHE Translation Load (0.0ms)[0m  [1m[34mSELECT  "translations".* FROM "translations" WHERE "translations"."id" = ? LIMIT ?[0m  [["id", 1], ["LIMIT", 1]]
  [1m[36mCACHE Chip Load (0.0ms)[0m  [1m[34mSELECT  "chips".* FROM "chips" WHERE "chips"."id" = ? LIMIT ?[0m  [["id", 1], ["LIMIT", 1]]
  [1m[36mCACHE Chip Load (0.0ms)[0m  [1m[34mSELECT  "chips".* FROM "chips" WHERE "chips"."id" = ? LIMIT ?[0m  [["id", 1], ["LIMIT", 1]]
  [1m[36mCACHE Translation Load (0.0ms)[0m  [1m[34mSELECT  "translations".* FROM "translations" WHERE "translations"."id" = ? LIMIT ?[0m  [["id", 1], ["LIMIT", 1]]
  [1m[36mCACHE Chip Load (0.0ms)[0m  [1m[34mSELECT  "chips".* FROM "chips" WHERE "chips"."id" = ? LIMIT ?[0m  [["id", 1], ["LIMIT", 1]]
  [1m[36mCACHE Chip Load (0.0ms)[0m  [1m[34mSELECT  "chips".* FROM "chips" WHERE "chips"."id" = ? LIMIT ?[0m  [["id", 1], ["LIMIT", 1]]
  [1m[36mCACHE Translation Load (0.0ms)[0m  [1m[34mSELECT  "translations".* FROM "translations" WHERE "translations"."id" = ? LIMIT ?[0m  [["id", 1], ["LIMIT", 1]]
  [1m[36mCACHE Chip Load (0.0ms)[0m  [1m[34mSELECT  "chips".* FROM "chips" WHERE "chips"."id" = ? LIMIT ?[0m  [["id", 1], ["LIMIT", 1]]
  [1m[36mCACHE Chip Load (0.0ms)[0m  [1m[34mSELECT  "chips".* FROM "chips" WHERE "chips"."id" = ? LIMIT ?[0m  [["id", 1], ["LIMIT", 1]]
  [1m[36mCACHE Translation Load (0.0ms)[0m  [1m[34mSELECT  "translations".* FROM "translations" WHERE "translations"."id" = ? LIMIT ?[0m  [["id", 1], ["LIMIT", 1]]
  [1m[36mCACHE Chip Load (0.0ms)[0m  [1m[34mSELECT  "chips".* FROM "chips" WHERE "chips"."id" = ? LIMIT ?[0m  [["id", 1], ["LIMIT", 1]]
  [1m[36mCACHE Chip Load (0.0ms)[0m  [1m[34mSELECT  "chips".* FROM "chips" WHERE "chips"."id" = ? LIMIT ?[0m  [["id", 4], ["LIMIT", 1]]
  [1m[36mCACHE Translation Load (0.0ms)[0m  [1m[34mSELECT  "translations".* FROM "translations" WHERE "translations"."id" = ? LIMIT ?[0m  [["id", 4], ["LIMIT", 1]]
  [1m[36mCACHE Chip Load (0.0ms)[0m  [1m[34mSELECT  "chips".* FROM "chips" WHERE "chips"."id" = ? LIMIT ?[0m  [["id", 4], ["LIMIT", 1]]
  [1m[36mCACHE Chip Load (0.0ms)[0m  [1m[34mSELECT  "chips".* FROM "chips" WHERE "chips"."id" = ? LIMIT ?[0m  [["id", 1], ["LIMIT", 1]]
  [1m[36mCACHE Translation Load (0.0ms)[0m  [1m[34mSELECT  "translations".* FROM "translations" WHERE "translations"."id" = ? LIMIT ?[0m  [["id", 1], ["LIMIT", 1]]
  [1m[36mCACHE Chip Load (0.0ms)[0m  [1m[34mSELECT  "chips".* FROM "chips" WHERE "chips"."id" = ? LIMIT ?[0m  [["id", 1], ["LIMIT", 1]]
  [1m[36mCACHE Chip Load (0.0ms)[0m  [1m[34mSELECT  "chips".* FROM "chips" WHERE "chips"."id" = ? LIMIT ?[0m  [["id", 1], ["LIMIT", 1]]
  [1m[36mCACHE Translation Load (0.0ms)[0m  [1m[34mSELECT  "translations".* FROM "translations" WHERE "translations"."id" = ? LIMIT ?[0m  [["id", 1], ["LIMIT", 1]]
  [1m[36mCACHE Chip Load (0.0ms)[0m  [1m[34mSELECT  "chips".* FROM "chips" WHERE "chips"."id" = ? LIMIT ?[0m  [["id", 1], ["LIMIT", 1]]
  [1m[36mCACHE Chip Load (0.0ms)[0m  [1m[34mSELECT  "chips".* FROM "chips" WHERE "chips"."id" = ? LIMIT ?[0m  [["id", 1], ["LIMIT", 1]]
  [1m[36mCACHE Translation Load (0.0ms)[0m  [1m[34mSELECT  "translations".* FROM "translations" WHERE "translations"."id" = ? LIMIT ?[0m  [["id", 1], ["LIMIT", 1]]
  [1m[36mCACHE Chip Load (0.0ms)[0m  [1m[34mSELECT  "chips".* FROM "chips" WHERE "chips"."id" = ? LIMIT ?[0m  [["id", 1], ["LIMIT", 1]]
  [1m[36mCACHE Chip Load (0.0ms)[0m  [1m[34mSELECT  "chips".* FROM "chips" WHERE "chips"."id" = ? LIMIT ?[0m  [["id", 1], ["LIMIT", 1]]
  [1m[36mCACHE Translation Load (0.0ms)[0m  [1m[34mSELECT  "translations".* FROM "translations" WHERE "translations"."id" = ? LIMIT ?[0m  [["id", 1], ["LIMIT", 1]]
  [1m[36mCACHE Chip Load (0.0ms)[0m  [1m[34mSELECT  "chips".* FROM "chips" WHERE "chips"."id" = ? LIMIT ?[0m  [["id", 1], ["LIMIT", 1]]
  [1m[36mCACHE Chip Load (0.0ms)[0m  [1m[34mSELECT  "chips".* FROM "chips" WHERE "chips"."id" = ? LIMIT ?[0m  [["id", 1], ["LIMIT", 1]]
  [1m[36mCACHE Translation Load (0.0ms)[0m  [1m[34mSELECT  "translations".* FROM "translations" WHERE "translations"."id" = ? LIMIT ?[0m  [["id", 1], ["LIMIT", 1]]
  [1m[36mCACHE Chip Load (0.0ms)[0m  [1m[34mSELECT  "chips".* FROM "chips" WHERE "chips"."id" = ? LIMIT ?[0m  [["id", 1], ["LIMIT", 1]]
  [1m[36mCACHE Chip Load (0.0ms)[0m  [1m[34mSELECT  "chips".* FROM "chips" WHERE "chips"."id" = ? LIMIT ?[0m  [["id", 4], ["LIMIT", 1]]
  [1m[36mCACHE Translation Load (0.0ms)[0m  [1m[34mSELECT  "translations".* FROM "translations" WHERE "translations"."id" = ? LIMIT ?[0m  [["id", 4], ["LIMIT", 1]]
  [1m[36mCACHE Chip Load (0.0ms)[0m  [1m[34mSELECT  "chips".* FROM "chips" WHERE "chips"."id" = ? LIMIT ?[0m  [["id", 4], ["LIMIT", 1]]
  [1m[36mCACHE Chip Load (0.0ms)[0m  [1m[34mSELECT  "chips".* FROM "chips" WHERE "chips"."id" = ? LIMIT ?[0m  [["id", 1], ["LIMIT", 1]]
  [1m[36mCACHE Translation Load (0.0ms)[0m  [1m[34mSELECT  "translations".* FROM "translations" WHERE "translations"."id" = ? LIMIT ?[0m  [["id", 1], ["LIMIT", 1]]
  [1m[36mCACHE Chip Load (0.0ms)[0m  [1m[34mSELECT  "chips".* FROM "chips" WHERE "chips"."id" = ? LIMIT ?[0m  [["id", 1], ["LIMIT", 1]]
  [1m[36mCACHE Chip Load (0.0ms)[0m  [1m[34mSELECT  "chips".* FROM "chips" WHERE "chips"."id" = ? LIMIT ?[0m  [["id", 1], ["LIMIT", 1]]
  [1m[36mCACHE Translation Load (0.0ms)[0m  [1m[34mSELECT  "translations".* FROM "translations" WHERE "translations"."id" = ? LIMIT ?[0m  [["id", 1], ["LIMIT", 1]]
  [1m[36mCACHE Chip Load (0.0ms)[0m  [1m[34mSELECT  "chips".* FROM "chips" WHERE "chips"."id" = ? LIMIT ?[0m  [["id", 1], ["LIMIT", 1]]
  [1m[36mCACHE Chip Load (0.0ms)[0m  [1m[34mSELECT  "chips".* FROM "chips" WHERE "chips"."id" = ? LIMIT ?[0m  [["id", 1], ["LIMIT", 1]]
  [1m[36mCACHE Translation Load (0.0ms)[0m  [1m[34mSELECT  "translations".* FROM "translations" WHERE "translations"."id" = ? LIMIT ?[0m  [["id", 1], ["LIMIT", 1]]
  [1m[36mCACHE Chip Load (0.0ms)[0m  [1m[34mSELECT  "chips".* FROM "chips" WHERE "chips"."id" = ? LIMIT ?[0m  [["id", 1], ["LIMIT", 1]]
  [1m[36mCACHE Chip Load (0.0ms)[0m  [1m[34mSELECT  "chips".* FROM "chips" WHERE "chips"."id" = ? LIMIT ?[0m  [["id", 1], ["LIMIT", 1]]
  [1m[36mCACHE Translation Load (0.0ms)[0m  [1m[34mSELECT  "translations".* FROM "translations" WHERE "translations"."id" = ? LIMIT ?[0m  [["id", 1], ["LIMIT", 1]]
  [1m[36mCACHE Chip Load (0.0ms)[0m  [1m[34mSELECT  "chips".* FROM "chips" WHERE "chips"."id" = ? LIMIT ?[0m  [["id", 1], ["LIMIT", 1]]
  [1m[36mCACHE Chip Load (0.0ms)[0m  [1m[34mSELECT  "chips".* FROM "chips" WHERE "chips"."id" = ? LIMIT ?[0m  [["id", 1], ["LIMIT", 1]]
  [1m[36mCACHE Translation Load (0.0ms)[0m  [1m[34mSELECT  "translations".* FROM "translations" WHERE "translations"."id" = ? LIMIT ?[0m  [["id", 1], ["LIMIT", 1]]
  [1m[36mCACHE Chip Load (0.0ms)[0m  [1m[34mSELECT  "chips".* FROM "chips" WHERE "chips"."id" = ? LIMIT ?[0m  [["id", 1], ["LIMIT", 1]]
  [1m[36mCACHE Chip Load (0.0ms)[0m  [1m[34mSELECT  "chips".* FROM "chips" WHERE "chips"."id" = ? LIMIT ?[0m  [["id", 4], ["LIMIT", 1]]
  [1m[36mCACHE Translation Load (0.0ms)[0m  [1m[34mSELECT  "translations".* FROM "translations" WHERE "translations"."id" = ? LIMIT ?[0m  [["id", 4], ["LIMIT", 1]]
  [1m[36mCACHE Chip Load (0.0ms)[0m  [1m[34mSELECT  "chips".* FROM "chips" WHERE "chips"."id" = ? LIMIT ?[0m  [["id", 4], ["LIMIT", 1]]
  [1m[36mCACHE Chip Load (0.0ms)[0m  [1m[34mSELECT  "chips".* FROM "chips" WHERE "chips"."id" = ? LIMIT ?[0m  [["id", 1], ["LIMIT", 1]]
  [1m[36mCACHE Translation Load (0.0ms)[0m  [1m[34mSELECT  "translations".* FROM "translations" WHERE "translations"."id" = ? LIMIT ?[0m  [["id", 1], ["LIMIT", 1]]
  [1m[36mCACHE Chip Load (0.0ms)[0m  [1m[34mSELECT  "chips".* FROM "chips" WHERE "chips"."id" = ? LIMIT ?[0m  [["id", 1], ["LIMIT", 1]]
  [1m[36mCACHE Chip Load (0.0ms)[0m  [1m[34mSELECT  "chips".* FROM "chips" WHERE "chips"."id" = ? LIMIT ?[0m  [["id", 1], ["LIMIT", 1]]
  [1m[36mCACHE Translation Load (0.0ms)[0m  [1m[34mSELECT  "translations".* FROM "translations" WHERE "translations"."id" = ? LIMIT ?[0m  [["id", 1], ["LIMIT", 1]]
  [1m[36mCACHE Chip Load (0.0ms)[0m  [1m[34mSELECT  "chips".* FROM "chips" WHERE "chips"."id" = ? LIMIT ?[0m  [["id", 1], ["LIMIT", 1]]
  [1m[36mCACHE Chip Load (0.0ms)[0m  [1m[34mSELECT  "chips".* FROM "chips" WHERE "chips"."id" = ? LIMIT ?[0m  [["id", 1], ["LIMIT", 1]]
  [1m[36mCACHE Translation Load (0.0ms)[0m  [1m[34mSELECT  "translations".* FROM "translations" WHERE "translations"."id" = ? LIMIT ?[0m  [["id", 1], ["LIMIT", 1]]
  [1m[36mCACHE Chip Load (0.0ms)[0m  [1m[34mSELECT  "chips".* FROM "chips" WHERE "chips"."id" = ? LIMIT ?[0m  [["id", 1], ["LIMIT", 1]]
  [1m[36mCACHE Chip Load (0.0ms)[0m  [1m[34mSELECT  "chips".* FROM "chips" WHERE "chips"."id" = ? LIMIT ?[0m  [["id", 1], ["LIMIT", 1]]
  [1m[36mCACHE Translation Load (0.0ms)[0m  [1m[34mSELECT  "translations".* FROM "translations" WHERE "translations"."id" = ? LIMIT ?[0m  [["id", 1], ["LIMIT", 1]]
  [1m[36mCACHE Chip Load (0.0ms)[0m  [1m[34mSELECT  "chips".* FROM "chips" WHERE "chips"."id" = ? LIMIT ?[0m  [["id", 1], ["LIMIT", 1]]
  [1m[36mCACHE Chip Load (0.0ms)[0m  [1m[34mSELECT  "chips".* FROM "chips" WHERE "chips"."id" = ? LIMIT ?[0m  [["id", 1], ["LIMIT", 1]]
  [1m[36mCACHE Translation Load (0.0ms)[0m  [1m[34mSELECT  "translations".* FROM "translations" WHERE "translations"."id" = ? LIMIT ?[0m  [["id", 1], ["LIMIT", 1]]
  [1m[36mCACHE Chip Load (0.0ms)[0m  [1m[34mSELECT  "chips".* FROM "chips" WHERE "chips"."id" = ? LIMIT ?[0m  [["id", 1], ["LIMIT", 1]]
  [1m[36mCACHE Chip Load (0.0ms)[0m  [1m[34mSELECT  "chips".* FROM "chips" WHERE "chips"."id" = ? LIMIT ?[0m  [["id", 4], ["LIMIT", 1]]
  [1m[36mCACHE Translation Load (0.0ms)[0m  [1m[34mSELECT  "translations".* FROM "translations" WHERE "translations"."id" = ? LIMIT ?[0m  [["id", 4], ["LIMIT", 1]]
  [1m[36mCACHE Chip Load (0.0ms)[0m  [1m[34mSELECT  "chips".* FROM "chips" WHERE "chips"."id" = ? LIMIT ?[0m  [["id", 4], ["LIMIT", 1]]
  Rendered cards/_card.html.haml (3.3ms)
  [1m[36mCardChip Load (0.1ms)[0m  [1m[34mSELECT "card_chips".* FROM "card_chips" WHERE "card_chips"."card_id" = ?[0m  [["card_id", 8]]
  [1m[36mChip Load (0.1ms)[0m  [1m[34mSELECT  "chips".* FROM "chips" WHERE "chips"."id" = ? LIMIT ?[0m  [["id", 28], ["LIMIT", 1]]
  [1m[36mTranslation Load (0.0ms)[0m  [1m[34mSELECT  "translations".* FROM "translations" WHERE "translations"."id" = ? LIMIT ?[0m  [["id", 9], ["LIMIT", 1]]
  [1m[36mCACHE Chip Load (0.0ms)[0m  [1m[34mSELECT  "chips".* FROM "chips" WHERE "chips"."id" = ? LIMIT ?[0m  [["id", 28], ["LIMIT", 1]]
  [1m[36mChip Load (0.1ms)[0m  [1m[34mSELECT  "chips".* FROM "chips" WHERE "chips"."id" = ? LIMIT ?[0m  [["id", 830], ["LIMIT", 1]]
  [1m[36mTranslation Load (0.1ms)[0m  [1m[34mSELECT  "translations".* FROM "translations" WHERE "translations"."id" = ? LIMIT ?[0m  [["id", 69], ["LIMIT", 1]]
  [1m[36mCACHE Chip Load (0.0ms)[0m  [1m[34mSELECT  "chips".* FROM "chips" WHERE "chips"."id" = ? LIMIT ?[0m  [["id", 830], ["LIMIT", 1]]
  [1m[36mChip Load (0.1ms)[0m  [1m[34mSELECT  "chips".* FROM "chips" WHERE "chips"."id" = ? LIMIT ?[0m  [["id", 346], ["LIMIT", 1]]
  [1m[36mTranslation Load (0.0ms)[0m  [1m[34mSELECT  "translations".* FROM "translations" WHERE "translations"."id" = ? LIMIT ?[0m  [["id", 73], ["LIMIT", 1]]
  [1m[36mCACHE Chip Load (0.0ms)[0m  [1m[34mSELECT  "chips".* FROM "chips" WHERE "chips"."id" = ? LIMIT ?[0m  [["id", 346], ["LIMIT", 1]]
  [1m[36mChip Load (0.1ms)[0m  [1m[34mSELECT  "chips".* FROM "chips" WHERE "chips"."id" = ? LIMIT ?[0m  [["id", 677], ["LIMIT", 1]]
  [1m[36mTranslation Load (0.1ms)[0m  [1m[34mSELECT  "translations".* FROM "translations" WHERE "translations"."id" = ? LIMIT ?[0m  [["id", 39], ["LIMIT", 1]]
  [1m[36mCACHE Chip Load (0.0ms)[0m  [1m[34mSELECT  "chips".* FROM "chips" WHERE "chips"."id" = ? LIMIT ?[0m  [["id", 677], ["LIMIT", 1]]
  [1m[36mChip Load (0.1ms)[0m  [1m[34mSELECT  "chips".* FROM "chips" WHERE "chips"."id" = ? LIMIT ?[0m  [["id", 768], ["LIMIT", 1]]
  [1m[36mTranslation Load (0.0ms)[0m  [1m[34mSELECT  "translations".* FROM "translations" WHERE "translations"."id" = ? LIMIT ?[0m  [["id", 57], ["LIMIT", 1]]
  [1m[36mCACHE Chip Load (0.0ms)[0m  [1m[34mSELECT  "chips".* FROM "chips" WHERE "chips"."id" = ? LIMIT ?[0m  [["id", 768], ["LIMIT", 1]]
  [1m[36mChip Load (0.1ms)[0m  [1m[34mSELECT  "chips".* FROM "chips" WHERE "chips"."id" = ? LIMIT ?[0m  [["id", 543], ["LIMIT", 1]]
  [1m[36mTranslation Load (0.1ms)[0m  [1m[34mSELECT  "translations".* FROM "translations" WHERE "translations"."id" = ? LIMIT ?[0m  [["id", 12], ["LIMIT", 1]]
  [1m[36mCACHE Chip Load (0.0ms)[0m  [1m[34mSELECT  "chips".* FROM "chips" WHERE "chips"."id" = ? LIMIT ?[0m  [["id", 543], ["LIMIT", 1]]
  [1m[36mChip Load (0.1ms)[0m  [1m[34mSELECT  "chips".* FROM "chips" WHERE "chips"."id" = ? LIMIT ?[0m  [["id", 821], ["LIMIT", 1]]
  [1m[36mTranslation Load (0.0ms)[0m  [1m[34mSELECT  "translations".* FROM "translations" WHERE "translations"."id" = ? LIMIT ?[0m  [["id", 68], ["LIMIT", 1]]
  [1m[36mCACHE Chip Load (0.0ms)[0m  [1m[34mSELECT  "chips".* FROM "chips" WHERE "chips"."id" = ? LIMIT ?[0m  [["id", 821], ["LIMIT", 1]]
  [1m[36mChip Load (0.1ms)[0m  [1m[34mSELECT  "chips".* FROM "chips" WHERE "chips"."id" = ? LIMIT ?[0m  [["id", 923], ["LIMIT", 1]]
  [1m[36mTranslation Load (0.0ms)[0m  [1m[34mSELECT  "translations".* FROM "translations" WHERE "translations"."id" = ? LIMIT ?[0m  [["id", 93], ["LIMIT", 1]]
  [1m[36mCACHE Chip Load (0.0ms)[0m  [1m[34mSELECT  "chips".* FROM "chips" WHERE "chips"."id" = ? LIMIT ?[0m  [["id", 923], ["LIMIT", 1]]
  [1m[36mChip Load (0.1ms)[0m  [1m[34mSELECT  "chips".* FROM "chips" WHERE "chips"."id" = ? LIMIT ?[0m  [["id", 148], ["LIMIT", 1]]
  [1m[36mTranslation Load (0.1ms)[0m  [1m[34mSELECT  "translations".* FROM "translations" WHERE "translations"."id" = ? LIMIT ?[0m  [["id", 33], ["LIMIT", 1]]
  [1m[36mCACHE Chip Load (0.0ms)[0m  [1m[34mSELECT  "chips".* FROM "chips" WHERE "chips"."id" = ? LIMIT ?[0m  [["id", 148], ["LIMIT", 1]]
  [1m[36mChip Load (0.1ms)[0m  [1m[34mSELECT  "chips".* FROM "chips" WHERE "chips"."id" = ? LIMIT ?[0m  [["id", 379], ["LIMIT", 1]]
  [1m[36mTranslation Load (0.0ms)[0m  [1m[34mSELECT  "translations".* FROM "translations" WHERE "translations"."id" = ? LIMIT ?[0m  [["id", 79], ["LIMIT", 1]]
  [1m[36mCACHE Chip Load (0.0ms)[0m  [1m[34mSELECT  "chips".* FROM "chips" WHERE "chips"."id" = ? LIMIT ?[0m  [["id", 379], ["LIMIT", 1]]
  [1m[36mChip Load (0.1ms)[0m  [1m[34mSELECT  "chips".* FROM "chips" WHERE "chips"."id" = ? LIMIT ?[0m  [["id", 244], ["LIMIT", 1]]
  [1m[36mTranslation Load (0.1ms)[0m  [1m[34mSELECT  "translations".* FROM "translations" WHERE "translations"."id" = ? LIMIT ?[0m  [["id", 52], ["LIMIT", 1]]
  [1m[36mCACHE Chip Load (0.0ms)[0m  [1m[34mSELECT  "chips".* FROM "chips" WHERE "chips"."id" = ? LIMIT ?[0m  [["id", 244], ["LIMIT", 1]]
  [1m[36mChip Load (0.1ms)[0m  [1m[34mSELECT  "chips".* FROM "chips" WHERE "chips"."id" = ? LIMIT ?[0m  [["id", 18], ["LIMIT", 1]]
  [1m[36mTranslation Load (0.1ms)[0m  [1m[34mSELECT  "translations".* FROM "translations" WHERE "translations"."id" = ? LIMIT ?[0m  [["id", 7], ["LIMIT", 1]]
  [1m[36mCACHE Chip Load (0.0ms)[0m  [1m[34mSELECT  "chips".* FROM "chips" WHERE "chips"."id" = ? LIMIT ?[0m  [["id", 18], ["LIMIT", 1]]
  [1m[36mChip Load (0.1ms)[0m  [1m[34mSELECT  "chips".* FROM "chips" WHERE "chips"."id" = ? LIMIT ?[0m  [["id", 682], ["LIMIT", 1]]
  [1m[36mTranslation Load (0.0ms)[0m  [1m[34mSELECT  "translations".* FROM "translations" WHERE "translations"."id" = ? LIMIT ?[0m  [["id", 40], ["LIMIT", 1]]
  [1m[36mCACHE Chip Load (0.0ms)[0m  [1m[34mSELECT  "chips".* FROM "chips" WHERE "chips"."id" = ? LIMIT ?[0m  [["id", 682], ["LIMIT", 1]]
  [1m[36mChip Load (0.1ms)[0m  [1m[34mSELECT  "chips".* FROM "chips" WHERE "chips"."id" = ? LIMIT ?[0m  [["id", 290], ["LIMIT", 1]]
  [1m[36mTranslation Load (0.1ms)[0m  [1m[34mSELECT  "translations".* FROM "translations" WHERE "translations"."id" = ? LIMIT ?[0m  [["id", 61], ["LIMIT", 1]]
  [1m[36mCACHE Chip Load (0.0ms)[0m  [1m[34mSELECT  "chips".* FROM "chips" WHERE "chips"."id" = ? LIMIT ?[0m  [["id", 290], ["LIMIT", 1]]
  [1m[36mChip Load (0.1ms)[0m  [1m[34mSELECT  "chips".* FROM "chips" WHERE "chips"."id" = ? LIMIT ?[0m  [["id", 242], ["LIMIT", 1]]
  [1m[36mCACHE Translation Load (0.0ms)[0m  [1m[34mSELECT  "translations".* FROM "translations" WHERE "translations"."id" = ? LIMIT ?[0m  [["id", 52], ["LIMIT", 1]]
  [1m[36mCACHE Chip Load (0.0ms)[0m  [1m[34mSELECT  "chips".* FROM "chips" WHERE "chips"."id" = ? LIMIT ?[0m  [["id", 242], ["LIMIT", 1]]
  [1m[36mChip Load (0.1ms)[0m  [1m[34mSELECT  "chips".* FROM "chips" WHERE "chips"."id" = ? LIMIT ?[0m  [["id", 548], ["LIMIT", 1]]
  [1m[36mTranslation Load (0.0ms)[0m  [1m[34mSELECT  "translations".* FROM "translations" WHERE "translations"."id" = ? LIMIT ?[0m  [["id", 13], ["LIMIT", 1]]
  [1m[36mCACHE Chip Load (0.0ms)[0m  [1m[34mSELECT  "chips".* FROM "chips" WHERE "chips"."id" = ? LIMIT ?[0m  [["id", 548], ["LIMIT", 1]]
  [1m[36mChip Load (0.1ms)[0m  [1m[34mSELECT  "chips".* FROM "chips" WHERE "chips"."id" = ? LIMIT ?[0m  [["id", 607], ["LIMIT", 1]]
  [1m[36mTranslation Load (0.0ms)[0m  [1m[34mSELECT  "translations".* FROM "translations" WHERE "translations"."id" = ? LIMIT ?[0m  [["id", 25], ["LIMIT", 1]]
  [1m[36mCACHE Chip Load (0.0ms)[0m  [1m[34mSELECT  "chips".* FROM "chips" WHERE "chips"."id" = ? LIMIT ?[0m  [["id", 607], ["LIMIT", 1]]
  [1m[36mChip Load (0.1ms)[0m  [1m[34mSELECT  "chips".* FROM "chips" WHERE "chips"."id" = ? LIMIT ?[0m  [["id", 753], ["LIMIT", 1]]
  [1m[36mTranslation Load (0.0ms)[0m  [1m[34mSELECT  "translations".* FROM "translations" WHERE "translations"."id" = ? LIMIT ?[0m  [["id", 54], ["LIMIT", 1]]
  [1m[36mCACHE Chip Load (0.0ms)[0m  [1m[34mSELECT  "chips".* FROM "chips" WHERE "chips"."id" = ? LIMIT ?[0m  [["id", 753], ["LIMIT", 1]]
  [1m[36mChip Load (0.1ms)[0m  [1m[34mSELECT  "chips".* FROM "chips" WHERE "chips"."id" = ? LIMIT ?[0m  [["id", 203], ["LIMIT", 1]]
  [1m[36mTranslation Load (0.0ms)[0m  [1m[34mSELECT  "translations".* FROM "translations" WHERE "translations"."id" = ? LIMIT ?[0m  [["id", 44], ["LIMIT", 1]]
  [1m[36mCACHE Chip Load (0.0ms)[0m  [1m[34mSELECT  "chips".* FROM "chips" WHERE "chips"."id" = ? LIMIT ?[0m  [["id", 203], ["LIMIT", 1]]
  [1m[36mChip Load (0.1ms)[0m  [1m[34mSELECT  "chips".* FROM "chips" WHERE "chips"."id" = ? LIMIT ?[0m  [["id", 88], ["LIMIT", 1]]
  [1m[36mTranslation Load (0.1ms)[0m  [1m[34mSELECT  "translations".* FROM "translations" WHERE "translations"."id" = ? LIMIT ?[0m  [["id", 21], ["LIMIT", 1]]
  [1m[36mCACHE Chip Load (0.0ms)[0m  [1m[34mSELECT  "chips".* FROM "chips" WHERE "chips"."id" = ? LIMIT ?[0m  [["id", 88], ["LIMIT", 1]]
  [1m[36mChip Load (0.1ms)[0m  [1m[34mSELECT  "chips".* FROM "chips" WHERE "chips"."id" = ? LIMIT ?[0m  [["id", 804], ["LIMIT", 1]]
  [1m[36mTranslation Load (0.0ms)[0m  [1m[34mSELECT  "translations".* FROM "translations" WHERE "translations"."id" = ? LIMIT ?[0m  [["id", 64], ["LIMIT", 1]]
  [1m[36mCACHE Chip Load (0.0ms)[0m  [1m[34mSELECT  "chips".* FROM "chips" WHERE "chips"."id" = ? LIMIT ?[0m  [["id", 804], ["LIMIT", 1]]
  [1m[36mChip Load (0.1ms)[0m  [1m[34mSELECT  "chips".* FROM "chips" WHERE "chips"."id" = ? LIMIT ?[0m  [["id", 273], ["LIMIT", 1]]
  [1m[36mTranslation Load (0.0ms)[0m  [1m[34mSELECT  "translations".* FROM "translations" WHERE "translations"."id" = ? LIMIT ?[0m  [["id", 58], ["LIMIT", 1]]
  [1m[36mCACHE Chip Load (0.0ms)[0m  [1m[34mSELECT  "chips".* FROM "chips" WHERE "chips"."id" = ? LIMIT ?[0m  [["id", 273], ["LIMIT", 1]]
  [1m[36mChip Load (0.1ms)[0m  [1m[34mSELECT  "chips".* FROM "chips" WHERE "chips"."id" = ? LIMIT ?[0m  [["id", 398], ["LIMIT", 1]]
  [1m[36mTranslation Load (0.1ms)[0m  [1m[34mSELECT  "translations".* FROM "translations" WHERE "translations"."id" = ? LIMIT ?[0m  [["id", 83], ["LIMIT", 1]]
  [1m[36mCACHE Chip Load (0.0ms)[0m  [1m[34mSELECT  "chips".* FROM "chips" WHERE "chips"."id" = ? LIMIT ?[0m  [["id", 398], ["LIMIT", 1]]
  [1m[36mChip Load (0.1ms)[0m  [1m[34mSELECT  "chips".* FROM "chips" WHERE "chips"."id" = ? LIMIT ?[0m  [["id", 58], ["LIMIT", 1]]
  [1m[36mTranslation Load (0.1ms)[0m  [1m[34mSELECT  "translations".* FROM "translations" WHERE "translations"."id" = ? LIMIT ?[0m  [["id", 15], ["LIMIT", 1]]
  [1m[36mCACHE Chip Load (0.0ms)[0m  [1m[34mSELECT  "chips".* FROM "chips" WHERE "chips"."id" = ? LIMIT ?[0m  [["id", 58], ["LIMIT", 1]]
  [1m[36mChip Load (0.1ms)[0m  [1m[34mSELECT  "chips".* FROM "chips" WHERE "chips"."id" = ? LIMIT ?[0m  [["id", 49], ["LIMIT", 1]]
  [1m[36mCACHE Translation Load (0.0ms)[0m  [1m[34mSELECT  "translations".* FROM "translations" WHERE "translations"."id" = ? LIMIT ?[0m  [["id", 13], ["LIMIT", 1]]
  [1m[36mCACHE Chip Load (0.0ms)[0m  [1m[34mSELECT  "chips".* FROM "chips" WHERE "chips"."id" = ? LIMIT ?[0m  [["id", 49], ["LIMIT", 1]]
  Rendered cards/_card.html.haml (0.5ms)
  Rendered games/play.html.haml within layouts/application (644.8ms)
  Rendered layouts/_shim.html.erb (0.3ms)
  Rendered layouts/_header.html.erb (1.2ms)
  Rendered layouts/_footer.html.erb (0.2ms)
Completed 200 OK in 690ms (Views: 683.4ms | ActiveRecord: 5.2ms)


Started GET "/users/1/games/1/play" for 127.0.0.1 at 2019-04-30 20:37:26 -0500
Processing by GamesController#play_game as HTML
  Parameters: {"user_id"=>"1", "game_id"=>"1"}
  [1m[36mUser Load (0.1ms)[0m  [1m[34mSELECT  "users".* FROM "users" WHERE "users"."id" = ? LIMIT ?[0m  [["id", 1], ["LIMIT", 1]]
  [1m[36mGame Load (0.1ms)[0m  [1m[34mSELECT  "games".* FROM "games" WHERE "games"."id" = ? LIMIT ?[0m  [["id", 1], ["LIMIT", 1]]
  Rendering games/play.html.haml within layouts/application
  [1m[36mUser Load (0.1ms)[0m  [1m[34mSELECT  "users".* FROM "users" WHERE "users"."id" = ? LIMIT ?[0m  [["id", 1], ["LIMIT", 1]]
  [1m[36mCard Load (0.1ms)[0m  [1m[34mSELECT "cards".* FROM "cards" WHERE "cards"."user_id" = ? AND "cards"."game_id" = ?[0m  [["user_id", 1], ["game_id", 1]]
  [1m[36mCardChip Load (0.1ms)[0m  [1m[34mSELECT "card_chips".* FROM "card_chips" WHERE "card_chips"."card_id" = ?[0m  [["card_id", 1]]
  [1m[36mChip Load (0.1ms)[0m  [1m[34mSELECT  "chips".* FROM "chips" WHERE "chips"."id" = ? LIMIT ?[0m  [["id", 5], ["LIMIT", 1]]
  [1m[36mTranslation Load (0.1ms)[0m  [1m[34mSELECT  "translations".* FROM "translations" WHERE "translations"."id" = ? LIMIT ?[0m  [["id", 5], ["LIMIT", 1]]
  [1m[36mCACHE Chip Load (0.0ms)[0m  [1m[34mSELECT  "chips".* FROM "chips" WHERE "chips"."id" = ? LIMIT ?[0m  [["id", 5], ["LIMIT", 1]]
  [1m[36mChip Load (0.1ms)[0m  [1m[34mSELECT  "chips".* FROM "chips" WHERE "chips"."id" = ? LIMIT ?[0m  [["id", 2], ["LIMIT", 1]]
  [1m[36mTranslation Load (0.0ms)[0m  [1m[34mSELECT  "translations".* FROM "translations" WHERE "translations"."id" = ? LIMIT ?[0m  [["id", 2], ["LIMIT", 1]]
  [1m[36mCACHE Chip Load (0.0ms)[0m  [1m[34mSELECT  "chips".* FROM "chips" WHERE "chips"."id" = ? LIMIT ?[0m  [["id", 2], ["LIMIT", 1]]
  [1m[36mCACHE Chip Load (0.0ms)[0m  [1m[34mSELECT  "chips".* FROM "chips" WHERE "chips"."id" = ? LIMIT ?[0m  [["id", 5], ["LIMIT", 1]]
  [1m[36mCACHE Translation Load (0.0ms)[0m  [1m[34mSELECT  "translations".* FROM "translations" WHERE "translations"."id" = ? LIMIT ?[0m  [["id", 5], ["LIMIT", 1]]
  [1m[36mCACHE Chip Load (0.0ms)[0m  [1m[34mSELECT  "chips".* FROM "chips" WHERE "chips"."id" = ? LIMIT ?[0m  [["id", 5], ["LIMIT", 1]]
  [1m[36mChip Load (0.1ms)[0m  [1m[34mSELECT  "chips".* FROM "chips" WHERE "chips"."id" = ? LIMIT ?[0m  [["id", 1], ["LIMIT", 1]]
  [1m[36mTranslation Load (0.0ms)[0m  [1m[34mSELECT  "translations".* FROM "translations" WHERE "translations"."id" = ? LIMIT ?[0m  [["id", 1], ["LIMIT", 1]]
  [1m[36mCACHE Chip Load (0.0ms)[0m  [1m[34mSELECT  "chips".* FROM "chips" WHERE "chips"."id" = ? LIMIT ?[0m  [["id", 1], ["LIMIT", 1]]
  [1m[36mCACHE Chip Load (0.0ms)[0m  [1m[34mSELECT  "chips".* FROM "chips" WHERE "chips"."id" = ? LIMIT ?[0m  [["id", 1], ["LIMIT", 1]]
  [1m[36mCACHE Translation Load (0.0ms)[0m  [1m[34mSELECT  "translations".* FROM "translations" WHERE "translations"."id" = ? LIMIT ?[0m  [["id", 1], ["LIMIT", 1]]
  [1m[36mCACHE Chip Load (0.0ms)[0m  [1m[34mSELECT  "chips".* FROM "chips" WHERE "chips"."id" = ? LIMIT ?[0m  [["id", 1], ["LIMIT", 1]]
  [1m[36mChip Load (0.1ms)[0m  [1m[34mSELECT  "chips".* FROM "chips" WHERE "chips"."id" = ? LIMIT ?[0m  [["id", 3], ["LIMIT", 1]]
  [1m[36mTranslation Load (0.0ms)[0m  [1m[34mSELECT  "translations".* FROM "translations" WHERE "translations"."id" = ? LIMIT ?[0m  [["id", 3], ["LIMIT", 1]]
  [1m[36mCACHE Chip Load (0.0ms)[0m  [1m[34mSELECT  "chips".* FROM "chips" WHERE "chips"."id" = ? LIMIT ?[0m  [["id", 3], ["LIMIT", 1]]
  [1m[36mChip Load (0.1ms)[0m  [1m[34mSELECT  "chips".* FROM "chips" WHERE "chips"."id" = ? LIMIT ?[0m  [["id", 4], ["LIMIT", 1]]
  [1m[36mTranslation Load (0.0ms)[0m  [1m[34mSELECT  "translations".* FROM "translations" WHERE "translations"."id" = ? LIMIT ?[0m  [["id", 4], ["LIMIT", 1]]
  [1m[36mCACHE Chip Load (0.0ms)[0m  [1m[34mSELECT  "chips".* FROM "chips" WHERE "chips"."id" = ? LIMIT ?[0m  [["id", 4], ["LIMIT", 1]]
  [1m[36mCACHE Chip Load (0.0ms)[0m  [1m[34mSELECT  "chips".* FROM "chips" WHERE "chips"."id" = ? LIMIT ?[0m  [["id", 3], ["LIMIT", 1]]
  [1m[36mCACHE Translation Load (0.0ms)[0m  [1m[34mSELECT  "translations".* FROM "translations" WHERE "translations"."id" = ? LIMIT ?[0m  [["id", 3], ["LIMIT", 1]]
  [1m[36mCACHE Chip Load (0.0ms)[0m  [1m[34mSELECT  "chips".* FROM "chips" WHERE "chips"."id" = ? LIMIT ?[0m  [["id", 3], ["LIMIT", 1]]
  [1m[36mCACHE Chip Load (0.0ms)[0m  [1m[34mSELECT  "chips".* FROM "chips" WHERE "chips"."id" = ? LIMIT ?[0m  [["id", 1], ["LIMIT", 1]]
  [1m[36mCACHE Translation Load (0.0ms)[0m  [1m[34mSELECT  "translations".* FROM "translations" WHERE "translations"."id" = ? LIMIT ?[0m  [["id", 1], ["LIMIT", 1]]
  [1m[36mCACHE Chip Load (0.0ms)[0m  [1m[34mSELECT  "chips".* FROM "chips" WHERE "chips"."id" = ? LIMIT ?[0m  [["id", 1], ["LIMIT", 1]]
  Rendered cards/_card.html.haml (3.4ms)
  Rendered games/play.html.haml within layouts/application (119.6ms)
  Rendered layouts/_shim.html.erb (0.2ms)
  Rendered layouts/_header.html.erb (1.2ms)
  Rendered layouts/_footer.html.erb (0.2ms)
Completed 200 OK in 161ms (Views: 157.4ms | ActiveRecord: 1.3ms)


Started GET "/users/1/games/2/play" for 127.0.0.1 at 2019-04-30 20:37:35 -0500
Processing by GamesController#play_game as HTML
  Parameters: {"user_id"=>"1", "game_id"=>"2"}
  [1m[36mUser Load (0.2ms)[0m  [1m[34mSELECT  "users".* FROM "users" WHERE "users"."id" = ? LIMIT ?[0m  [["id", 1], ["LIMIT", 1]]
  [1m[36mGame Load (0.1ms)[0m  [1m[34mSELECT  "games".* FROM "games" WHERE "games"."id" = ? LIMIT ?[0m  [["id", 2], ["LIMIT", 1]]
  Rendering games/play.html.haml within layouts/application
  [1m[36mUser Load (0.1ms)[0m  [1m[34mSELECT  "users".* FROM "users" WHERE "users"."id" = ? LIMIT ?[0m  [["id", 1], ["LIMIT", 1]]
  [1m[36mCard Load (0.1ms)[0m  [1m[34mSELECT "cards".* FROM "cards" WHERE "cards"."user_id" = ? AND "cards"."game_id" = ?[0m  [["user_id", 1], ["game_id", 2]]
  [1m[36mCardChip Load (0.1ms)[0m  [1m[34mSELECT "card_chips".* FROM "card_chips" WHERE "card_chips"."card_id" = ?[0m  [["card_id", 2]]
  [1m[36mChip Load (0.0ms)[0m  [1m[34mSELECT  "chips".* FROM "chips" WHERE "chips"."id" = ? LIMIT ?[0m  [["id", 5], ["LIMIT", 1]]
  [1m[36mTranslation Load (0.0ms)[0m  [1m[34mSELECT  "translations".* FROM "translations" WHERE "translations"."id" = ? LIMIT ?[0m  [["id", 5], ["LIMIT", 1]]
  [1m[36mCACHE Chip Load (0.0ms)[0m  [1m[34mSELECT  "chips".* FROM "chips" WHERE "chips"."id" = ? LIMIT ?[0m  [["id", 5], ["LIMIT", 1]]
  [1m[36mChip Load (0.1ms)[0m  [1m[34mSELECT  "chips".* FROM "chips" WHERE "chips"."id" = ? LIMIT ?[0m  [["id", 2], ["LIMIT", 1]]
  [1m[36mTranslation Load (0.1ms)[0m  [1m[34mSELECT  "translations".* FROM "translations" WHERE "translations"."id" = ? LIMIT ?[0m  [["id", 2], ["LIMIT", 1]]
  [1m[36mCACHE Chip Load (0.0ms)[0m  [1m[34mSELECT  "chips".* FROM "chips" WHERE "chips"."id" = ? LIMIT ?[0m  [["id", 2], ["LIMIT", 1]]
  [1m[36mCACHE Chip Load (0.0ms)[0m  [1m[34mSELECT  "chips".* FROM "chips" WHERE "chips"."id" = ? LIMIT ?[0m  [["id", 5], ["LIMIT", 1]]
  [1m[36mCACHE Translation Load (0.0ms)[0m  [1m[34mSELECT  "translations".* FROM "translations" WHERE "translations"."id" = ? LIMIT ?[0m  [["id", 5], ["LIMIT", 1]]
  [1m[36mCACHE Chip Load (0.0ms)[0m  [1m[34mSELECT  "chips".* FROM "chips" WHERE "chips"."id" = ? LIMIT ?[0m  [["id", 5], ["LIMIT", 1]]
  [1m[36mChip Load (0.1ms)[0m  [1m[34mSELECT  "chips".* FROM "chips" WHERE "chips"."id" = ? LIMIT ?[0m  [["id", 1], ["LIMIT", 1]]
  [1m[36mTranslation Load (0.0ms)[0m  [1m[34mSELECT  "translations".* FROM "translations" WHERE "translations"."id" = ? LIMIT ?[0m  [["id", 1], ["LIMIT", 1]]
  [1m[36mCACHE Chip Load (0.0ms)[0m  [1m[34mSELECT  "chips".* FROM "chips" WHERE "chips"."id" = ? LIMIT ?[0m  [["id", 1], ["LIMIT", 1]]
  [1m[36mCACHE Chip Load (0.0ms)[0m  [1m[34mSELECT  "chips".* FROM "chips" WHERE "chips"."id" = ? LIMIT ?[0m  [["id", 1], ["LIMIT", 1]]
  [1m[36mCACHE Translation Load (0.0ms)[0m  [1m[34mSELECT  "translations".* FROM "translations" WHERE "translations"."id" = ? LIMIT ?[0m  [["id", 1], ["LIMIT", 1]]
  [1m[36mCACHE Chip Load (0.0ms)[0m  [1m[34mSELECT  "chips".* FROM "chips" WHERE "chips"."id" = ? LIMIT ?[0m  [["id", 1], ["LIMIT", 1]]
  [1m[36mChip Load (0.1ms)[0m  [1m[34mSELECT  "chips".* FROM "chips" WHERE "chips"."id" = ? LIMIT ?[0m  [["id", 3], ["LIMIT", 1]]
  [1m[36mTranslation Load (0.0ms)[0m  [1m[34mSELECT  "translations".* FROM "translations" WHERE "translations"."id" = ? LIMIT ?[0m  [["id", 3], ["LIMIT", 1]]
  [1m[36mCACHE Chip Load (0.0ms)[0m  [1m[34mSELECT  "chips".* FROM "chips" WHERE "chips"."id" = ? LIMIT ?[0m  [["id", 3], ["LIMIT", 1]]
  [1m[36mChip Load (0.1ms)[0m  [1m[34mSELECT  "chips".* FROM "chips" WHERE "chips"."id" = ? LIMIT ?[0m  [["id", 4], ["LIMIT", 1]]
  [1m[36mTranslation Load (0.0ms)[0m  [1m[34mSELECT  "translations".* FROM "translations" WHERE "translations"."id" = ? LIMIT ?[0m  [["id", 4], ["LIMIT", 1]]
  [1m[36mCACHE Chip Load (0.0ms)[0m  [1m[34mSELECT  "chips".* FROM "chips" WHERE "chips"."id" = ? LIMIT ?[0m  [["id", 4], ["LIMIT", 1]]
  [1m[36mCACHE Chip Load (0.0ms)[0m  [1m[34mSELECT  "chips".* FROM "chips" WHERE "chips"."id" = ? LIMIT ?[0m  [["id", 3], ["LIMIT", 1]]
  [1m[36mCACHE Translation Load (0.0ms)[0m  [1m[34mSELECT  "translations".* FROM "translations" WHERE "translations"."id" = ? LIMIT ?[0m  [["id", 3], ["LIMIT", 1]]
  [1m[36mCACHE Chip Load (0.0ms)[0m  [1m[34mSELECT  "chips".* FROM "chips" WHERE "chips"."id" = ? LIMIT ?[0m  [["id", 3], ["LIMIT", 1]]
  [1m[36mCACHE Chip Load (0.0ms)[0m  [1m[34mSELECT  "chips".* FROM "chips" WHERE "chips"."id" = ? LIMIT ?[0m  [["id", 1], ["LIMIT", 1]]
  [1m[36mCACHE Translation Load (0.0ms)[0m  [1m[34mSELECT  "translations".* FROM "translations" WHERE "translations"."id" = ? LIMIT ?[0m  [["id", 1], ["LIMIT", 1]]
  [1m[36mCACHE Chip Load (0.0ms)[0m  [1m[34mSELECT  "chips".* FROM "chips" WHERE "chips"."id" = ? LIMIT ?[0m  [["id", 1], ["LIMIT", 1]]
  Rendered cards/_card.html.haml (3.0ms)
  Rendered games/play.html.haml within layouts/application (68.0ms)
  Rendered layouts/_shim.html.erb (0.3ms)
  Rendered layouts/_header.html.erb (1.3ms)
  Rendered layouts/_footer.html.erb (0.2ms)
Completed 200 OK in 161ms (Views: 156.1ms | ActiveRecord: 1.3ms)


Started GET "/users/1/games/1/play" for 127.0.0.1 at 2019-04-30 20:37:43 -0500
Processing by GamesController#play_game as HTML
  Parameters: {"user_id"=>"1", "game_id"=>"1"}
  [1m[36mUser Load (0.2ms)[0m  [1m[34mSELECT  "users".* FROM "users" WHERE "users"."id" = ? LIMIT ?[0m  [["id", 1], ["LIMIT", 1]]
  [1m[36mGame Load (0.1ms)[0m  [1m[34mSELECT  "games".* FROM "games" WHERE "games"."id" = ? LIMIT ?[0m  [["id", 1], ["LIMIT", 1]]
  Rendering games/play.html.haml within layouts/application
  [1m[36mUser Load (0.2ms)[0m  [1m[34mSELECT  "users".* FROM "users" WHERE "users"."id" = ? LIMIT ?[0m  [["id", 1], ["LIMIT", 1]]
  [1m[36mCard Load (0.3ms)[0m  [1m[34mSELECT "cards".* FROM "cards" WHERE "cards"."user_id" = ? AND "cards"."game_id" = ?[0m  [["user_id", 1], ["game_id", 1]]
  [1m[36mCardChip Load (0.2ms)[0m  [1m[34mSELECT "card_chips".* FROM "card_chips" WHERE "card_chips"."card_id" = ?[0m  [["card_id", 1]]
  [1m[36mChip Load (0.1ms)[0m  [1m[34mSELECT  "chips".* FROM "chips" WHERE "chips"."id" = ? LIMIT ?[0m  [["id", 5], ["LIMIT", 1]]
  [1m[36mTranslation Load (0.0ms)[0m  [1m[34mSELECT  "translations".* FROM "translations" WHERE "translations"."id" = ? LIMIT ?[0m  [["id", 5], ["LIMIT", 1]]
  [1m[36mCACHE Chip Load (0.0ms)[0m  [1m[34mSELECT  "chips".* FROM "chips" WHERE "chips"."id" = ? LIMIT ?[0m  [["id", 5], ["LIMIT", 1]]
  [1m[36mChip Load (0.1ms)[0m  [1m[34mSELECT  "chips".* FROM "chips" WHERE "chips"."id" = ? LIMIT ?[0m  [["id", 2], ["LIMIT", 1]]
  [1m[36mTranslation Load (0.1ms)[0m  [1m[34mSELECT  "translations".* FROM "translations" WHERE "translations"."id" = ? LIMIT ?[0m  [["id", 2], ["LIMIT", 1]]
  [1m[36mCACHE Chip Load (0.0ms)[0m  [1m[34mSELECT  "chips".* FROM "chips" WHERE "chips"."id" = ? LIMIT ?[0m  [["id", 2], ["LIMIT", 1]]
  [1m[36mCACHE Chip Load (0.0ms)[0m  [1m[34mSELECT  "chips".* FROM "chips" WHERE "chips"."id" = ? LIMIT ?[0m  [["id", 5], ["LIMIT", 1]]
  [1m[36mCACHE Translation Load (0.0ms)[0m  [1m[34mSELECT  "translations".* FROM "translations" WHERE "translations"."id" = ? LIMIT ?[0m  [["id", 5], ["LIMIT", 1]]
  [1m[36mCACHE Chip Load (0.0ms)[0m  [1m[34mSELECT  "chips".* FROM "chips" WHERE "chips"."id" = ? LIMIT ?[0m  [["id", 5], ["LIMIT", 1]]
  [1m[36mChip Load (0.1ms)[0m  [1m[34mSELECT  "chips".* FROM "chips" WHERE "chips"."id" = ? LIMIT ?[0m  [["id", 1], ["LIMIT", 1]]
  [1m[36mTranslation Load (0.1ms)[0m  [1m[34mSELECT  "translations".* FROM "translations" WHERE "translations"."id" = ? LIMIT ?[0m  [["id", 1], ["LIMIT", 1]]
  [1m[36mCACHE Chip Load (0.0ms)[0m  [1m[34mSELECT  "chips".* FROM "chips" WHERE "chips"."id" = ? LIMIT ?[0m  [["id", 1], ["LIMIT", 1]]
  [1m[36mCACHE Chip Load (0.0ms)[0m  [1m[34mSELECT  "chips".* FROM "chips" WHERE "chips"."id" = ? LIMIT ?[0m  [["id", 1], ["LIMIT", 1]]
  [1m[36mCACHE Translation Load (0.0ms)[0m  [1m[34mSELECT  "translations".* FROM "translations" WHERE "translations"."id" = ? LIMIT ?[0m  [["id", 1], ["LIMIT", 1]]
  [1m[36mCACHE Chip Load (0.0ms)[0m  [1m[34mSELECT  "chips".* FROM "chips" WHERE "chips"."id" = ? LIMIT ?[0m  [["id", 1], ["LIMIT", 1]]
  [1m[36mChip Load (0.1ms)[0m  [1m[34mSELECT  "chips".* FROM "chips" WHERE "chips"."id" = ? LIMIT ?[0m  [["id", 3], ["LIMIT", 1]]
  [1m[36mTranslation Load (0.0ms)[0m  [1m[34mSELECT  "translations".* FROM "translations" WHERE "translations"."id" = ? LIMIT ?[0m  [["id", 3], ["LIMIT", 1]]
  [1m[36mCACHE Chip Load (0.0ms)[0m  [1m[34mSELECT  "chips".* FROM "chips" WHERE "chips"."id" = ? LIMIT ?[0m  [["id", 3], ["LIMIT", 1]]
  [1m[36mChip Load (0.1ms)[0m  [1m[34mSELECT  "chips".* FROM "chips" WHERE "chips"."id" = ? LIMIT ?[0m  [["id", 4], ["LIMIT", 1]]
  [1m[36mTranslation Load (0.1ms)[0m  [1m[34mSELECT  "translations".* FROM "translations" WHERE "translations"."id" = ? LIMIT ?[0m  [["id", 4], ["LIMIT", 1]]
  [1m[36mCACHE Chip Load (0.0ms)[0m  [1m[34mSELECT  "chips".* FROM "chips" WHERE "chips"."id" = ? LIMIT ?[0m  [["id", 4], ["LIMIT", 1]]
  [1m[36mCACHE Chip Load (0.0ms)[0m  [1m[34mSELECT  "chips".* FROM "chips" WHERE "chips"."id" = ? LIMIT ?[0m  [["id", 3], ["LIMIT", 1]]
  [1m[36mCACHE Translation Load (0.0ms)[0m  [1m[34mSELECT  "translations".* FROM "translations" WHERE "translations"."id" = ? LIMIT ?[0m  [["id", 3], ["LIMIT", 1]]
  [1m[36mCACHE Chip Load (0.0ms)[0m  [1m[34mSELECT  "chips".* FROM "chips" WHERE "chips"."id" = ? LIMIT ?[0m  [["id", 3], ["LIMIT", 1]]
  [1m[36mCACHE Chip Load (0.0ms)[0m  [1m[34mSELECT  "chips".* FROM "chips" WHERE "chips"."id" = ? LIMIT ?[0m  [["id", 1], ["LIMIT", 1]]
  [1m[36mCACHE Translation Load (0.0ms)[0m  [1m[34mSELECT  "translations".* FROM "translations" WHERE "translations"."id" = ? LIMIT ?[0m  [["id", 1], ["LIMIT", 1]]
  [1m[36mCACHE Chip Load (0.0ms)[0m  [1m[34mSELECT  "chips".* FROM "chips" WHERE "chips"."id" = ? LIMIT ?[0m  [["id", 1], ["LIMIT", 1]]
  Rendered cards/_card.html.haml (3.0ms)
  Rendered games/play.html.haml within layouts/application (75.3ms)
  Rendered layouts/_shim.html.erb (0.2ms)
  Rendered layouts/_header.html.erb (1.2ms)
  Rendered layouts/_footer.html.erb (0.2ms)
Completed 200 OK in 115ms (Views: 110.7ms | ActiveRecord: 1.9ms)


